  mapTool.cpp
C:\Users\zzana\Desktop\포트폴리오 정리\witch-s-house\마녀의 집 캐릭움직임추가 및 잡스러운 파일들 제거함\mapTool.cpp(163,111): warning C4305: '인수': 'double'에서 'const float'(으)로 잘립니다.
C:\Users\zzana\Desktop\포트폴리오 정리\witch-s-house\마녀의 집 캐릭움직임추가 및 잡스러운 파일들 제거함\mapTool.cpp(178,110): warning C4305: '인수': 'double'에서 'float'(으)로 잘립니다.
C:\Users\zzana\Desktop\포트폴리오 정리\witch-s-house\마녀의 집 캐릭움직임추가 및 잡스러운 파일들 제거함\mapTool.cpp(202,79): warning C4305: '인수': 'double'에서 'const float'(으)로 잘립니다.
C:\Users\zzana\Desktop\포트폴리오 정리\witch-s-house\마녀의 집 캐릭움직임추가 및 잡스러운 파일들 제거함\mapTool.cpp(232,65): warning C4305: '인수': 'double'에서 'const float'(으)로 잘립니다.
C:\Users\zzana\Desktop\포트폴리오 정리\witch-s-house\마녀의 집 캐릭움직임추가 및 잡스러운 파일들 제거함\mapTool.cpp(237,69): warning C4305: '인수': 'double'에서 'const float'(으)로 잘립니다.
C:\Users\zzana\Desktop\포트폴리오 정리\witch-s-house\마녀의 집 캐릭움직임추가 및 잡스러운 파일들 제거함\mapTool.cpp(276,49): warning C4305: '인수': 'double'에서 'const float'(으)로 잘립니다.
C:\Users\zzana\Desktop\포트폴리오 정리\witch-s-house\마녀의 집 캐릭움직임추가 및 잡스러운 파일들 제거함\mapTool.cpp(281,48): warning C4305: '인수': 'double'에서 'const float'(으)로 잘립니다.
C:\Users\zzana\Desktop\포트폴리오 정리\witch-s-house\마녀의 집 캐릭움직임추가 및 잡스러운 파일들 제거함\mapTool.cpp(286,53): warning C4305: '인수': 'double'에서 'const float'(으)로 잘립니다.
C:\Users\zzana\Desktop\포트폴리오 정리\witch-s-house\마녀의 집 캐릭움직임추가 및 잡스러운 파일들 제거함\mapTool.cpp(291,52): warning C4305: '인수': 'double'에서 'const float'(으)로 잘립니다.
C:\Users\zzana\Desktop\포트폴리오 정리\witch-s-house\마녀의 집 캐릭움직임추가 및 잡스러운 파일들 제거함\mapTool.cpp(350,65): warning C4244: '인수': 'float'에서 'const int'(으)로 변환하면서 데이터가 손실될 수 있습니다.
C:\Users\zzana\Desktop\포트폴리오 정리\witch-s-house\마녀의 집 캐릭움직임추가 및 잡스러운 파일들 제거함\mapTool.cpp(350,43): warning C4244: '인수': 'float'에서 'const int'(으)로 변환하면서 데이터가 손실될 수 있습니다.
C:\Users\zzana\Desktop\포트폴리오 정리\witch-s-house\마녀의 집 캐릭움직임추가 및 잡스러운 파일들 제거함\mapTool.cpp(353,63): warning C4244: '인수': 'float'에서 'const int'(으)로 변환하면서 데이터가 손실될 수 있습니다.
C:\Users\zzana\Desktop\포트폴리오 정리\witch-s-house\마녀의 집 캐릭움직임추가 및 잡스러운 파일들 제거함\mapTool.cpp(353,42): warning C4244: '인수': 'float'에서 'const int'(으)로 변환하면서 데이터가 손실될 수 있습니다.
C:\Users\zzana\Desktop\포트폴리오 정리\witch-s-house\마녀의 집 캐릭움직임추가 및 잡스러운 파일들 제거함\mapTool.cpp(356,69): warning C4244: '인수': 'float'에서 'const int'(으)로 변환하면서 데이터가 손실될 수 있습니다.
C:\Users\zzana\Desktop\포트폴리오 정리\witch-s-house\마녀의 집 캐릭움직임추가 및 잡스러운 파일들 제거함\mapTool.cpp(356,45): warning C4244: '인수': 'float'에서 'const int'(으)로 변환하면서 데이터가 손실될 수 있습니다.
C:\Users\zzana\Desktop\포트폴리오 정리\witch-s-house\마녀의 집 캐릭움직임추가 및 잡스러운 파일들 제거함\mapTool.cpp(359,65): warning C4244: '인수': 'float'에서 'const int'(으)로 변환하면서 데이터가 손실될 수 있습니다.
C:\Users\zzana\Desktop\포트폴리오 정리\witch-s-house\마녀의 집 캐릭움직임추가 및 잡스러운 파일들 제거함\mapTool.cpp(359,43): warning C4244: '인수': 'float'에서 'const int'(으)로 변환하면서 데이터가 손실될 수 있습니다.
C:\Users\zzana\Desktop\포트폴리오 정리\witch-s-house\마녀의 집 캐릭움직임추가 및 잡스러운 파일들 제거함\mapTool.cpp(362,65): warning C4244: '인수': 'float'에서 'const int'(으)로 변환하면서 데이터가 손실될 수 있습니다.
C:\Users\zzana\Desktop\포트폴리오 정리\witch-s-house\마녀의 집 캐릭움직임추가 및 잡스러운 파일들 제거함\mapTool.cpp(362,43): warning C4244: '인수': 'float'에서 'const int'(으)로 변환하면서 데이터가 손실될 수 있습니다.
C:\Users\zzana\Desktop\포트폴리오 정리\witch-s-house\마녀의 집 캐릭움직임추가 및 잡스러운 파일들 제거함\mapTool.cpp(365,73): warning C4244: '인수': 'float'에서 'const int'(으)로 변환하면서 데이터가 손실될 수 있습니다.
C:\Users\zzana\Desktop\포트폴리오 정리\witch-s-house\마녀의 집 캐릭움직임추가 및 잡스러운 파일들 제거함\mapTool.cpp(365,47): warning C4244: '인수': 'float'에서 'const int'(으)로 변환하면서 데이터가 손실될 수 있습니다.
C:\Users\zzana\Desktop\포트폴리오 정리\witch-s-house\마녀의 집 캐릭움직임추가 및 잡스러운 파일들 제거함\mapTool.cpp(421,31): warning C4244: '=': 'float'에서 'int'(으)로 변환하면서 데이터가 손실될 수 있습니다.
C:\Users\zzana\Desktop\포트폴리오 정리\witch-s-house\마녀의 집 캐릭움직임추가 및 잡스러운 파일들 제거함\mapTool.cpp(422,31): warning C4244: '=': 'float'에서 'int'(으)로 변환하면서 데이터가 손실될 수 있습니다.
  windowsAPI.vcxproj -> C:\Users\zzana\Desktop\포트폴리오 정리\witch-s-house\마녀의 집 캐릭움직임추가 및 잡스러운 파일들 제거함\x64\Debug\windowsAPI.exe
