  stdafx.cpp
c:\users\clxlz\onedrive\바탕 화면\찐포폴\witch-s-house\마녀의 집 아이템 및 메뉴 구조 변경\imagemanager.h(22): warning C4099: 'IWICImagingFactory': 처음에는 'struct'을(를) 사용하여 형식 이름을 표시했는데 이제는 'class'을(를) 사용하여 표시합니다.
  c:\program files (x86)\windows kits\10\include\10.0.17763.0\um\wincodec.h(6261): note: 'IWICImagingFactory' 선언을 참조하십시오.
c:\users\clxlz\onedrive\바탕 화면\찐포폴\witch-s-house\마녀의 집 아이템 및 메뉴 구조 변경\dictionary.h(10): warning C4005: 'TILEX': 매크로 재정의
  c:\users\clxlz\onedrive\바탕 화면\찐포폴\witch-s-house\마녀의 집 아이템 및 메뉴 구조 변경\stdafx.h(24): note: 'TILEX'의 이전 정의를 참조하십시오.
c:\users\clxlz\onedrive\바탕 화면\찐포폴\witch-s-house\마녀의 집 아이템 및 메뉴 구조 변경\dictionary.h(11): warning C4005: 'TILEY': 매크로 재정의
  c:\users\clxlz\onedrive\바탕 화면\찐포폴\witch-s-house\마녀의 집 아이템 및 메뉴 구조 변경\stdafx.h(25): note: 'TILEY'의 이전 정의를 참조하십시오.
c:\users\clxlz\onedrive\바탕 화면\찐포폴\witch-s-house\마녀의 집 아이템 및 메뉴 구조 변경\frameinfomanager.h(54): warning C4267: 'return': 'size_t'에서 'int'(으)로 변환하면서 데이터가 손실될 수 있습니다.
  animation.cpp
  astarTile.cpp
  bear.cpp
c:\users\clxlz\onedrive\바탕 화면\찐포폴\witch-s-house\마녀의 집 아이템 및 메뉴 구조 변경\bear.cpp(42): warning C4244: '인수': 'float'에서 'int'(으)로 변환하면서 데이터가 손실될 수 있습니다.
  bearRoom.cpp
  boss.cpp
c:\users\clxlz\onedrive\바탕 화면\찐포폴\witch-s-house\마녀의 집 아이템 및 메뉴 구조 변경\boss.cpp(84): warning C4244: '인수': 'float'에서 'int'(으)로 변환하면서 데이터가 손실될 수 있습니다.
  bossStage.cpp
c:\users\clxlz\onedrive\바탕 화면\찐포폴\witch-s-house\마녀의 집 아이템 및 메뉴 구조 변경\bossstage.cpp(73): warning C4244: '인수': 'int'에서 'const float'(으)로 변환하면서 데이터가 손실될 수 있습니다.
c:\users\clxlz\onedrive\바탕 화면\찐포폴\witch-s-house\마녀의 집 아이템 및 메뉴 구조 변경\bossstage.cpp(104): warning C4305: '인수': 'double'에서 'float'(으)로 잘립니다.
c:\users\clxlz\onedrive\바탕 화면\찐포폴\witch-s-house\마녀의 집 아이템 및 메뉴 구조 변경\bossstage.cpp(219): warning C4244: '인수': 'float'에서 'int'(으)로 변환하면서 데이터가 손실될 수 있습니다.
c:\users\clxlz\onedrive\바탕 화면\찐포폴\witch-s-house\마녀의 집 아이템 및 메뉴 구조 변경\bossstage.cpp(218): warning C4244: '인수': 'float'에서 'int'(으)로 변환하면서 데이터가 손실될 수 있습니다.
c:\users\clxlz\onedrive\바탕 화면\찐포폴\witch-s-house\마녀의 집 아이템 및 메뉴 구조 변경\bossstage.cpp(235): warning C4244: '인수': 'float'에서 'int'(으)로 변환하면서 데이터가 손실될 수 있습니다.
c:\users\clxlz\onedrive\바탕 화면\찐포폴\witch-s-house\마녀의 집 아이템 및 메뉴 구조 변경\bossstage.cpp(404): warning C4244: '인수': 'int'에서 'float'(으)로 변환하면서 데이터가 손실될 수 있습니다.
c:\users\clxlz\onedrive\바탕 화면\찐포폴\witch-s-house\마녀의 집 아이템 및 메뉴 구조 변경\bossstage.cpp(409): warning C4244: '인수': 'int'에서 'float'(으)로 변환하면서 데이터가 손실될 수 있습니다.
c:\users\clxlz\onedrive\바탕 화면\찐포폴\witch-s-house\마녀의 집 아이템 및 메뉴 구조 변경\bossstage.cpp(465): warning C4244: '인수': 'LONG'에서 'float'(으)로 변환하면서 데이터가 손실될 수 있습니다.
c:\users\clxlz\onedrive\바탕 화면\찐포폴\witch-s-house\마녀의 집 아이템 및 메뉴 구조 변경\bossstage.cpp(466): warning C4244: '인수': 'LONG'에서 'float'(으)로 변환하면서 데이터가 손실될 수 있습니다.
c:\users\clxlz\onedrive\바탕 화면\찐포폴\witch-s-house\마녀의 집 아이템 및 메뉴 구조 변경\bossstage.cpp(539): warning C4244: '=': 'float'에서 'int'(으)로 변환하면서 데이터가 손실될 수 있습니다.
c:\users\clxlz\onedrive\바탕 화면\찐포폴\witch-s-house\마녀의 집 아이템 및 메뉴 구조 변경\bossstage.cpp(540): warning C4244: '=': 'float'에서 'int'(으)로 변환하면서 데이터가 손실될 수 있습니다.
  bossStage_1.cpp
c:\users\clxlz\onedrive\바탕 화면\찐포폴\witch-s-house\마녀의 집 아이템 및 메뉴 구조 변경\bossstage_1.cpp(76): warning C4244: '인수': 'int'에서 'float'(으)로 변환하면서 데이터가 손실될 수 있습니다.
c:\users\clxlz\onedrive\바탕 화면\찐포폴\witch-s-house\마녀의 집 아이템 및 메뉴 구조 변경\bossstage_1.cpp(94): warning C4305: '-=': 'double'에서 'float'(으)로 잘립니다.
  bossStage_2.cpp
c:\users\clxlz\onedrive\바탕 화면\찐포폴\witch-s-house\마녀의 집 아이템 및 메뉴 구조 변경\bossstage_2.cpp(48): warning C4305: '인수': 'double'에서 'float'(으)로 잘립니다.
c:\users\clxlz\onedrive\바탕 화면\찐포폴\witch-s-house\마녀의 집 아이템 및 메뉴 구조 변경\bossstage_2.cpp(161): warning C4244: '인수': 'int'에서 'float'(으)로 변환하면서 데이터가 손실될 수 있습니다.
c:\users\clxlz\onedrive\바탕 화면\찐포폴\witch-s-house\마녀의 집 아이템 및 메뉴 구조 변경\bossstage_2.cpp(175): warning C4305: '-=': 'double'에서 'float'(으)로 잘립니다.
  bossStage_3.cpp
c:\users\clxlz\onedrive\바탕 화면\찐포폴\witch-s-house\마녀의 집 아이템 및 메뉴 구조 변경\bossstage_3.cpp(46): warning C4305: '인수': 'double'에서 'float'(으)로 잘립니다.
c:\users\clxlz\onedrive\바탕 화면\찐포폴\witch-s-house\마녀의 집 아이템 및 메뉴 구조 변경\bossstage_3.cpp(163): warning C4244: '인수': 'int'에서 'float'(으)로 변환하면서 데이터가 손실될 수 있습니다.
c:\users\clxlz\onedrive\바탕 화면\찐포폴\witch-s-house\마녀의 집 아이템 및 메뉴 구조 변경\bossstage_3.cpp(178): warning C4305: '-=': 'double'에서 'float'(으)로 잘립니다.
  bossStage_4.cpp
c:\users\clxlz\onedrive\바탕 화면\찐포폴\witch-s-house\마녀의 집 아이템 및 메뉴 구조 변경\bossstage_4.cpp(89): warning C4305: '-=': 'double'에서 'float'(으)로 잘립니다.
  bossStage_5.cpp
c:\users\clxlz\onedrive\바탕 화면\찐포폴\witch-s-house\마녀의 집 아이템 및 메뉴 구조 변경\bossstage_5.cpp(73): warning C4244: '인수': 'int'에서 'float'(으)로 변환하면서 데이터가 손실될 수 있습니다.
c:\users\clxlz\onedrive\바탕 화면\찐포폴\witch-s-house\마녀의 집 아이템 및 메뉴 구조 변경\bossstage_5.cpp(89): warning C4305: '-=': 'double'에서 'float'(으)로 잘립니다.
  boxRoom.cpp
  CameraManager.cpp
c:\users\clxlz\onedrive\바탕 화면\찐포폴\witch-s-house\마녀의 집 아이템 및 메뉴 구조 변경\cameramanager.cpp(157): warning C4244: '인수': 'float'에서 'const int'(으)로 변환하면서 데이터가 손실될 수 있습니다.
  castlefront.cpp
c:\users\clxlz\onedrive\바탕 화면\찐포폴\witch-s-house\마녀의 집 아이템 및 메뉴 구조 변경\castlefront.cpp(68): warning C4305: '인수': 'double'에서 'float'(으)로 잘립니다.
  characterState.cpp
  D2DRenderer+Draw.cpp
c:\users\clxlz\onedrive\바탕 화면\찐포폴\witch-s-house\마녀의 집 아이템 및 메뉴 구조 변경\d2drenderer+draw.cpp(34): warning C4267: '인수': 'size_t'에서 'UINT32'(으)로 변환하면서 데이터가 손실될 수 있습니다.
c:\users\clxlz\onedrive\바탕 화면\찐포폴\witch-s-house\마녀의 집 아이템 및 메뉴 구조 변경\d2drenderer+draw.cpp(39): warning C4267: '=': 'size_t'에서 'UINT32'(으)로 변환하면서 데이터가 손실될 수 있습니다.
c:\users\clxlz\onedrive\바탕 화면\찐포폴\witch-s-house\마녀의 집 아이템 및 메뉴 구조 변경\d2drenderer+draw.cpp(79): warning C4267: '인수': 'size_t'에서 'UINT32'(으)로 변환하면서 데이터가 손실될 수 있습니다.
c:\users\clxlz\onedrive\바탕 화면\찐포폴\witch-s-house\마녀의 집 아이템 및 메뉴 구조 변경\d2drenderer+draw.cpp(84): warning C4267: '=': 'size_t'에서 'UINT32'(으)로 변환하면서 데이터가 손실될 수 있습니다.
c:\users\clxlz\onedrive\바탕 화면\찐포폴\witch-s-house\마녀의 집 아이템 및 메뉴 구조 변경\d2drenderer+draw.cpp(127): warning C4267: '인수': 'size_t'에서 'UINT32'(으)로 변환하면서 데이터가 손실될 수 있습니다.
c:\users\clxlz\onedrive\바탕 화면\찐포폴\witch-s-house\마녀의 집 아이템 및 메뉴 구조 변경\d2drenderer+draw.cpp(132): warning C4267: '=': 'size_t'에서 'UINT32'(으)로 변환하면서 데이터가 손실될 수 있습니다.
c:\users\clxlz\onedrive\바탕 화면\찐포폴\witch-s-house\마녀의 집 아이템 및 메뉴 구조 변경\d2drenderer+draw.cpp(172): warning C4267: '인수': 'size_t'에서 'UINT32'(으)로 변환하면서 데이터가 손실될 수 있습니다.
c:\users\clxlz\onedrive\바탕 화면\찐포폴\witch-s-house\마녀의 집 아이템 및 메뉴 구조 변경\d2drenderer+draw.cpp(177): warning C4267: '=': 'size_t'에서 'UINT32'(으)로 변환하면서 데이터가 손실될 수 있습니다.
  D2DRenderer.cpp
c:\users\clxlz\onedrive\바탕 화면\찐포폴\witch-s-house\마녀의 집 아이템 및 메뉴 구조 변경\d2drenderer.cpp(91): warning C4244: '초기화 중': 'int'에서 'FLOAT'(으)로 변환하면서 데이터가 손실될 수 있습니다.
c:\users\clxlz\onedrive\바탕 화면\찐포폴\witch-s-house\마녀의 집 아이템 및 메뉴 구조 변경\d2drenderer.cpp(92): warning C4244: '초기화 중': 'int'에서 'FLOAT'(으)로 변환하면서 데이터가 손실될 수 있습니다.
  DASH.cpp
  DeadManager.cpp
  diningRoom_5f.cpp
  코드를 생성하고 있습니다...
  컴파일하고 있습니다...
  EndingScene.cpp
c:\users\clxlz\onedrive\바탕 화면\찐포폴\witch-s-house\마녀의 집 아이템 및 메뉴 구조 변경\endingscene.cpp(39): warning C4305: '인수': 'double'에서 'float'(으)로 잘립니다.
c:\users\clxlz\onedrive\바탕 화면\찐포폴\witch-s-house\마녀의 집 아이템 및 메뉴 구조 변경\endingscene.cpp(50): warning C4305: '-=': 'double'에서 'float'(으)로 잘립니다.
  entrance.cpp
  entranceFake.cpp
  entranceTrap.cpp
  fifthFloorStage.cpp
c:\users\clxlz\onedrive\바탕 화면\찐포폴\witch-s-house\마녀의 집 아이템 및 메뉴 구조 변경\fifthfloorstage.cpp(89): warning C4305: '인수': 'double'에서 'float'(으)로 잘립니다.
c:\users\clxlz\onedrive\바탕 화면\찐포폴\witch-s-house\마녀의 집 아이템 및 메뉴 구조 변경\fifthfloorstage.cpp(90): warning C4305: '인수': 'double'에서 'float'(으)로 잘립니다.
c:\users\clxlz\onedrive\바탕 화면\찐포폴\witch-s-house\마녀의 집 아이템 및 메뉴 구조 변경\fifthfloorstage.cpp(91): warning C4305: '인수': 'double'에서 'float'(으)로 잘립니다.
c:\users\clxlz\onedrive\바탕 화면\찐포폴\witch-s-house\마녀의 집 아이템 및 메뉴 구조 변경\fifthfloorstage.cpp(151): warning C4244: '=': 'float'에서 'int'(으)로 변환하면서 데이터가 손실될 수 있습니다.
c:\users\clxlz\onedrive\바탕 화면\찐포폴\witch-s-house\마녀의 집 아이템 및 메뉴 구조 변경\fifthfloorstage.cpp(152): warning C4244: '=': 'float'에서 'int'(으)로 변환하면서 데이터가 손실될 수 있습니다.
c:\users\clxlz\onedrive\바탕 화면\찐포폴\witch-s-house\마녀의 집 아이템 및 메뉴 구조 변경\fifthfloorstage.cpp(205): warning C4101: 'frontTile' :참조되지 않은 지역 변수입니다.
  Figure.cpp
  firstFloorStage.cpp
c:\users\clxlz\onedrive\바탕 화면\찐포폴\witch-s-house\마녀의 집 아이템 및 메뉴 구조 변경\firstfloorstage.cpp(23): warning C4305: '=': 'double'에서 'float'(으)로 잘립니다.
c:\users\clxlz\onedrive\바탕 화면\찐포폴\witch-s-house\마녀의 집 아이템 및 메뉴 구조 변경\firstfloorstage.cpp(73): warning C4305: '인수': 'double'에서 'float'(으)로 잘립니다.
c:\users\clxlz\onedrive\바탕 화면\찐포폴\witch-s-house\마녀의 집 아이템 및 메뉴 구조 변경\firstfloorstage.cpp(74): warning C4305: '인수': 'double'에서 'float'(으)로 잘립니다.
c:\users\clxlz\onedrive\바탕 화면\찐포폴\witch-s-house\마녀의 집 아이템 및 메뉴 구조 변경\firstfloorstage.cpp(75): warning C4305: '인수': 'double'에서 'float'(으)로 잘립니다.
c:\users\clxlz\onedrive\바탕 화면\찐포폴\witch-s-house\마녀의 집 아이템 및 메뉴 구조 변경\firstfloorstage.cpp(145): warning C4244: '인수': 'int'에서 'float'(으)로 변환하면서 데이터가 손실될 수 있습니다.
c:\users\clxlz\onedrive\바탕 화면\찐포폴\witch-s-house\마녀의 집 아이템 및 메뉴 구조 변경\firstfloorstage.cpp(169): warning C4244: '=': 'float'에서 'int'(으)로 변환하면서 데이터가 손실될 수 있습니다.
c:\users\clxlz\onedrive\바탕 화면\찐포폴\witch-s-house\마녀의 집 아이템 및 메뉴 구조 변경\firstfloorstage.cpp(170): warning C4244: '=': 'float'에서 'int'(으)로 변환하면서 데이터가 손실될 수 있습니다.
  FloatEllipse.cpp
  FloatRect.cpp
  frameInfoManager.cpp
c:\users\clxlz\onedrive\바탕 화면\찐포폴\witch-s-house\마녀의 집 아이템 및 메뉴 구조 변경\frameinfomanager.cpp(56): warning C4267: '=': 'size_t'에서 'int'(으)로 변환하면서 데이터가 손실될 수 있습니다.
c:\users\clxlz\onedrive\바탕 화면\찐포폴\witch-s-house\마녀의 집 아이템 및 메뉴 구조 변경\frameinfomanager.cpp(97): warning C4267: '=': 'size_t'에서 'int'(으)로 변환하면서 데이터가 손실될 수 있습니다.
c:\users\clxlz\onedrive\바탕 화면\찐포폴\witch-s-house\마녀의 집 아이템 및 메뉴 구조 변경\frameinfomanager.cpp(250): warning C4804: '%': 연산에 'bool' 형식을 사용하는 것은 안전하지 않습니다.
c:\users\clxlz\onedrive\바탕 화면\찐포폴\witch-s-house\마녀의 집 아이템 및 메뉴 구조 변경\frameinfomanager.cpp(548): warning C4804: '%': 연산에 'bool' 형식을 사용하는 것은 안전하지 않습니다.
  gameNode.cpp
c:\users\clxlz\onedrive\바탕 화면\찐포폴\witch-s-house\마녀의 집 아이템 및 메뉴 구조 변경\gamenode.cpp(102): warning C4244: '=': 'float'에서 'LONG'(으)로 변환하면서 데이터가 손실될 수 있습니다.
c:\users\clxlz\onedrive\바탕 화면\찐포폴\witch-s-house\마녀의 집 아이템 및 메뉴 구조 변경\gamenode.cpp(103): warning C4244: '=': 'float'에서 'LONG'(으)로 변환하면서 데이터가 손실될 수 있습니다.
c:\users\clxlz\onedrive\바탕 화면\찐포폴\witch-s-house\마녀의 집 아이템 및 메뉴 구조 변경\gamenode.cpp(96): warning C4101: 'hdc' :참조되지 않은 지역 변수입니다.
c:\users\clxlz\onedrive\바탕 화면\찐포폴\witch-s-house\마녀의 집 아이템 및 메뉴 구조 변경\gamenode.cpp(95): warning C4101: 'ps' :참조되지 않은 지역 변수입니다.
  garDen.cpp
c:\users\clxlz\onedrive\바탕 화면\찐포폴\witch-s-house\마녀의 집 아이템 및 메뉴 구조 변경\garden.cpp(125): warning C4305: '인수': 'double'에서 'float'(으)로 잘립니다.
  gardenToBoss_5f.cpp
  garDenUnder.cpp
c:\users\clxlz\onedrive\바탕 화면\찐포폴\witch-s-house\마녀의 집 아이템 및 메뉴 구조 변경\gardenunder.cpp(65): warning C4305: '인수': 'double'에서 'float'(으)로 잘립니다.
  garden_5f.cpp
c:\users\clxlz\onedrive\바탕 화면\찐포폴\witch-s-house\마녀의 집 아이템 및 메뉴 구조 변경\garden_5f.cpp(75): warning C4244: '인수': 'double'에서 'const float'(으)로 변환하면서 데이터가 손실될 수 있습니다.
  hallway.cpp
  IDLE.cpp
  image.cpp
  imageManager.cpp
  inMenu.cpp
c:\users\clxlz\onedrive\바탕 화면\찐포폴\witch-s-house\마녀의 집 아이템 및 메뉴 구조 변경\inmenu.cpp(11): warning C4305: '초기화 중': 'double'에서 'float'(으)로 잘립니다.
c:\users\clxlz\onedrive\바탕 화면\찐포폴\witch-s-house\마녀의 집 아이템 및 메뉴 구조 변경\inmenu.cpp(94): warning C4244: '인수': 'double'에서 'const float'(으)로 변환하면서 데이터가 손실될 수 있습니다.
c:\users\clxlz\onedrive\바탕 화면\찐포폴\witch-s-house\마녀의 집 아이템 및 메뉴 구조 변경\inmenu.cpp(104): warning C4244: '인수': 'float'에서 'const int'(으)로 변환하면서 데이터가 손실될 수 있습니다.
c:\users\clxlz\onedrive\바탕 화면\찐포폴\witch-s-house\마녀의 집 아이템 및 메뉴 구조 변경\inmenu.cpp(103): warning C4244: '인수': 'float'에서 'const int'(으)로 변환하면서 데이터가 손실될 수 있습니다.
c:\users\clxlz\onedrive\바탕 화면\찐포폴\witch-s-house\마녀의 집 아이템 및 메뉴 구조 변경\inmenu.cpp(141): warning C4390: ';': 제어된 빈 문이 있습니다. 이 문이 필요합니까?
  코드를 생성하고 있습니다...
  컴파일하고 있습니다...
  item.cpp
  ItemManager.cpp
c:\users\clxlz\onedrive\바탕 화면\찐포폴\witch-s-house\마녀의 집 아이템 및 메뉴 구조 변경\itemmanager.cpp(112): warning C4244: '인수': 'double'에서 'const float'(으)로 변환하면서 데이터가 손실될 수 있습니다.
  keyManager.cpp
  levelChoiceScene.cpp
c:\users\clxlz\onedrive\바탕 화면\찐포폴\witch-s-house\마녀의 집 아이템 및 메뉴 구조 변경\levelchoicescene.cpp(143): warning C4244: '인수': 'double'에서 'const float'(으)로 변환하면서 데이터가 손실될 수 있습니다.
  Line.cpp
  load.cpp
c:\users\clxlz\onedrive\바탕 화면\찐포폴\witch-s-house\마녀의 집 아이템 및 메뉴 구조 변경\load.cpp(65): warning C4244: '인수': 'double'에서 'const float'(으)로 변환하면서 데이터가 손실될 수 있습니다.
  mapTool.cpp
c:\users\clxlz\onedrive\바탕 화면\찐포폴\witch-s-house\마녀의 집 아이템 및 메뉴 구조 변경\maptool.cpp(161): warning C4305: '인수': 'double'에서 'const float'(으)로 잘립니다.
c:\users\clxlz\onedrive\바탕 화면\찐포폴\witch-s-house\마녀의 집 아이템 및 메뉴 구조 변경\maptool.cpp(176): warning C4305: '인수': 'double'에서 'float'(으)로 잘립니다.
c:\users\clxlz\onedrive\바탕 화면\찐포폴\witch-s-house\마녀의 집 아이템 및 메뉴 구조 변경\maptool.cpp(200): warning C4305: '인수': 'double'에서 'const float'(으)로 잘립니다.
c:\users\clxlz\onedrive\바탕 화면\찐포폴\witch-s-house\마녀의 집 아이템 및 메뉴 구조 변경\maptool.cpp(230): warning C4305: '인수': 'double'에서 'const float'(으)로 잘립니다.
c:\users\clxlz\onedrive\바탕 화면\찐포폴\witch-s-house\마녀의 집 아이템 및 메뉴 구조 변경\maptool.cpp(235): warning C4305: '인수': 'double'에서 'const float'(으)로 잘립니다.
c:\users\clxlz\onedrive\바탕 화면\찐포폴\witch-s-house\마녀의 집 아이템 및 메뉴 구조 변경\maptool.cpp(274): warning C4305: '인수': 'double'에서 'const float'(으)로 잘립니다.
c:\users\clxlz\onedrive\바탕 화면\찐포폴\witch-s-house\마녀의 집 아이템 및 메뉴 구조 변경\maptool.cpp(279): warning C4305: '인수': 'double'에서 'const float'(으)로 잘립니다.
c:\users\clxlz\onedrive\바탕 화면\찐포폴\witch-s-house\마녀의 집 아이템 및 메뉴 구조 변경\maptool.cpp(284): warning C4305: '인수': 'double'에서 'const float'(으)로 잘립니다.
c:\users\clxlz\onedrive\바탕 화면\찐포폴\witch-s-house\마녀의 집 아이템 및 메뉴 구조 변경\maptool.cpp(289): warning C4305: '인수': 'double'에서 'const float'(으)로 잘립니다.
c:\users\clxlz\onedrive\바탕 화면\찐포폴\witch-s-house\마녀의 집 아이템 및 메뉴 구조 변경\maptool.cpp(348): warning C4244: '인수': 'float'에서 'const int'(으)로 변환하면서 데이터가 손실될 수 있습니다.
c:\users\clxlz\onedrive\바탕 화면\찐포폴\witch-s-house\마녀의 집 아이템 및 메뉴 구조 변경\maptool.cpp(351): warning C4244: '인수': 'float'에서 'const int'(으)로 변환하면서 데이터가 손실될 수 있습니다.
c:\users\clxlz\onedrive\바탕 화면\찐포폴\witch-s-house\마녀의 집 아이템 및 메뉴 구조 변경\maptool.cpp(354): warning C4244: '인수': 'float'에서 'const int'(으)로 변환하면서 데이터가 손실될 수 있습니다.
c:\users\clxlz\onedrive\바탕 화면\찐포폴\witch-s-house\마녀의 집 아이템 및 메뉴 구조 변경\maptool.cpp(357): warning C4244: '인수': 'float'에서 'const int'(으)로 변환하면서 데이터가 손실될 수 있습니다.
c:\users\clxlz\onedrive\바탕 화면\찐포폴\witch-s-house\마녀의 집 아이템 및 메뉴 구조 변경\maptool.cpp(360): warning C4244: '인수': 'float'에서 'const int'(으)로 변환하면서 데이터가 손실될 수 있습니다.
c:\users\clxlz\onedrive\바탕 화면\찐포폴\witch-s-house\마녀의 집 아이템 및 메뉴 구조 변경\maptool.cpp(363): warning C4244: '인수': 'float'에서 'const int'(으)로 변환하면서 데이터가 손실될 수 있습니다.
c:\users\clxlz\onedrive\바탕 화면\찐포폴\witch-s-house\마녀의 집 아이템 및 메뉴 구조 변경\maptool.cpp(419): warning C4244: '=': 'float'에서 'int'(으)로 변환하면서 데이터가 손실될 수 있습니다.
c:\users\clxlz\onedrive\바탕 화면\찐포폴\witch-s-house\마녀의 집 아이템 및 메뉴 구조 변경\maptool.cpp(420): warning C4244: '=': 'float'에서 'int'(으)로 변환하면서 데이터가 손실될 수 있습니다.
  Math.cpp
  menu.cpp
c:\users\clxlz\onedrive\바탕 화면\찐포폴\witch-s-house\마녀의 집 아이템 및 메뉴 구조 변경\menu.cpp(311): warning C4244: '인수': 'double'에서 'const float'(으)로 변환하면서 데이터가 손실될 수 있습니다.
c:\users\clxlz\onedrive\바탕 화면\찐포폴\witch-s-house\마녀의 집 아이템 및 메뉴 구조 변경\menu.cpp(324): warning C4244: '인수': 'float'에서 'const int'(으)로 변환하면서 데이터가 손실될 수 있습니다.
c:\users\clxlz\onedrive\바탕 화면\찐포폴\witch-s-house\마녀의 집 아이템 및 메뉴 구조 변경\menu.cpp(320): warning C4244: '인수': 'float'에서 'const int'(으)로 변환하면서 데이터가 손실될 수 있습니다.
c:\users\clxlz\onedrive\바탕 화면\찐포폴\witch-s-house\마녀의 집 아이템 및 메뉴 구조 변경\menu.cpp(319): warning C4244: '인수': 'float'에서 'const int'(으)로 변환하면서 데이터가 손실될 수 있습니다.
  Player.cpp
  playerMenu.cpp
c:\users\clxlz\onedrive\바탕 화면\찐포폴\witch-s-house\마녀의 집 아이템 및 메뉴 구조 변경\playermenu.cpp(206): warning C4244: '인수': 'double'에서 'const float'(으)로 변환하면서 데이터가 손실될 수 있습니다.
  playGround.cpp
  prison_5f.cpp
c:\users\clxlz\onedrive\바탕 화면\찐포폴\witch-s-house\마녀의 집 아이템 및 메뉴 구조 변경\prison_5f.cpp(15): warning C4244: '=': 'float'에서 'int'(으)로 변환하면서 데이터가 손실될 수 있습니다.
c:\users\clxlz\onedrive\바탕 화면\찐포폴\witch-s-house\마녀의 집 아이템 및 메뉴 구조 변경\prison_5f.cpp(16): warning C4244: '=': 'float'에서 'int'(으)로 변환하면서 데이터가 손실될 수 있습니다.
c:\users\clxlz\onedrive\바탕 화면\찐포폴\witch-s-house\마녀의 집 아이템 및 메뉴 구조 변경\prison_5f.cpp(59): warning C4244: '인수': 'LONG'에서 'const float'(으)로 변환하면서 데이터가 손실될 수 있습니다.
c:\users\clxlz\onedrive\바탕 화면\찐포폴\witch-s-house\마녀의 집 아이템 및 메뉴 구조 변경\prison_5f.cpp(171): warning C4244: '인수': 'int'에서 'float'(으)로 변환하면서 데이터가 손실될 수 있습니다.
c:\users\clxlz\onedrive\바탕 화면\찐포폴\witch-s-house\마녀의 집 아이템 및 메뉴 구조 변경\prison_5f.cpp(199): warning C4244: '인수': 'float'에서 'int'(으)로 변환하면서 데이터가 손실될 수 있습니다.
c:\users\clxlz\onedrive\바탕 화면\찐포폴\witch-s-house\마녀의 집 아이템 및 메뉴 구조 변경\prison_5f.cpp(198): warning C4244: '인수': 'float'에서 'int'(으)로 변환하면서 데이터가 손실될 수 있습니다.
c:\users\clxlz\onedrive\바탕 화면\찐포폴\witch-s-house\마녀의 집 아이템 및 메뉴 구조 변경\prison_5f.cpp(215): warning C4244: '인수': 'float'에서 'int'(으)로 변환하면서 데이터가 손실될 수 있습니다.
c:\users\clxlz\onedrive\바탕 화면\찐포폴\witch-s-house\마녀의 집 아이템 및 메뉴 구조 변경\prison_5f.cpp(385): warning C4244: '인수': 'int'에서 'float'(으)로 변환하면서 데이터가 손실될 수 있습니다.
c:\users\clxlz\onedrive\바탕 화면\찐포폴\witch-s-house\마녀의 집 아이템 및 메뉴 구조 변경\prison_5f.cpp(445): warning C4244: '인수': 'LONG'에서 'float'(으)로 변환하면서 데이터가 손실될 수 있습니다.
c:\users\clxlz\onedrive\바탕 화면\찐포폴\witch-s-house\마녀의 집 아이템 및 메뉴 구조 변경\prison_5f.cpp(446): warning C4244: '인수': 'LONG'에서 'float'(으)로 변환하면서 데이터가 손실될 수 있습니다.
  prison_5f_skul.cpp
  prison_5f_well.cpp
c:\users\clxlz\onedrive\바탕 화면\찐포폴\witch-s-house\마녀의 집 아이템 및 메뉴 구조 변경\prison_5f_well.cpp(62): warning C4305: '인수': 'double'에서 'float'(으)로 잘립니다.
c:\users\clxlz\onedrive\바탕 화면\찐포폴\witch-s-house\마녀의 집 아이템 및 메뉴 구조 변경\prison_5f_well.cpp(63): warning C4305: '인수': 'double'에서 'float'(으)로 잘립니다.
c:\users\clxlz\onedrive\바탕 화면\찐포폴\witch-s-house\마녀의 집 아이템 및 메뉴 구조 변경\prison_5f_well.cpp(64): warning C4305: '인수': 'double'에서 'float'(으)로 잘립니다.
  sceneManager.cpp
  scissorsRoom.cpp
  settings.cpp
c:\users\clxlz\onedrive\바탕 화면\찐포폴\witch-s-house\마녀의 집 아이템 및 메뉴 구조 변경\settings.cpp(65): warning C4305: '+=': 'double'에서 'float'(으)로 잘립니다.
c:\users\clxlz\onedrive\바탕 화면\찐포폴\witch-s-house\마녀의 집 아이템 및 메뉴 구조 변경\settings.cpp(85): warning C4305: '+=': 'double'에서 'float'(으)로 잘립니다.
c:\users\clxlz\onedrive\바탕 화면\찐포폴\witch-s-house\마녀의 집 아이템 및 메뉴 구조 변경\settings.cpp(130): warning C4305: '+=': 'double'에서 'float'(으)로 잘립니다.
c:\users\clxlz\onedrive\바탕 화면\찐포폴\witch-s-house\마녀의 집 아이템 및 메뉴 구조 변경\settings.cpp(151): warning C4305: '+=': 'double'에서 'float'(으)로 잘립니다.
c:\users\clxlz\onedrive\바탕 화면\찐포폴\witch-s-house\마녀의 집 아이템 및 메뉴 구조 변경\settings.cpp(181): warning C4244: '인수': 'double'에서 'const float'(으)로 변환하면서 데이터가 손실될 수 있습니다.
  skul.cpp
c:\users\clxlz\onedrive\바탕 화면\찐포폴\witch-s-house\마녀의 집 아이템 및 메뉴 구조 변경\skul.cpp(81): warning C4244: '인수': 'float'에서 'int'(으)로 변환하면서 데이터가 손실될 수 있습니다.
  sound.cpp
c:\users\clxlz\onedrive\바탕 화면\찐포폴\witch-s-house\마녀의 집 아이템 및 메뉴 구조 변경\sound.cpp(39): warning C4305: '+=': 'double'에서 'float'(으)로 잘립니다.
  코드를 생성하고 있습니다...
  컴파일하고 있습니다...
  soundManager.cpp
c:\users\clxlz\onedrive\바탕 화면\찐포폴\witch-s-house\마녀의 집 아이템 및 메뉴 구조 변경\soundmanager.cpp(170): warning C4244: '인수': 'float'에서 'unsigned int'(으)로 변환하면서 데이터가 손실될 수 있습니다.
  soundStage.cpp
c:\users\clxlz\onedrive\바탕 화면\찐포폴\witch-s-house\마녀의 집 아이템 및 메뉴 구조 변경\soundstage.cpp(207): warning C4305: '인수': 'double'에서 'float'(으)로 잘립니다.
  soundStageD.cpp
c:\users\clxlz\onedrive\바탕 화면\찐포폴\witch-s-house\마녀의 집 아이템 및 메뉴 구조 변경\soundstaged.cpp(105): warning C4305: '인수': 'double'에서 'float'(으)로 잘립니다.
  soundStageE1.cpp
c:\users\clxlz\onedrive\바탕 화면\찐포폴\witch-s-house\마녀의 집 아이템 및 메뉴 구조 변경\soundstagee1.cpp(100): warning C4305: '인수': 'double'에서 'float'(으)로 잘립니다.
  soundStageE2.cpp
c:\users\clxlz\onedrive\바탕 화면\찐포폴\witch-s-house\마녀의 집 아이템 및 메뉴 구조 변경\soundstagee2.cpp(76): warning C4305: '인수': 'double'에서 'float'(으)로 잘립니다.
  soundStageN.cpp
c:\users\clxlz\onedrive\바탕 화면\찐포폴\witch-s-house\마녀의 집 아이템 및 메뉴 구조 변경\soundstagen.cpp(104): warning C4305: '인수': 'double'에서 'float'(으)로 잘립니다.
  soundStageW.cpp
c:\users\clxlz\onedrive\바탕 화면\찐포폴\witch-s-house\마녀의 집 아이템 및 메뉴 구조 변경\soundstagew.cpp(70): warning C4305: '인수': 'double'에서 'float'(으)로 잘립니다.
  stageMemoryManager.cpp
  status.cpp
c:\users\clxlz\onedrive\바탕 화면\찐포폴\witch-s-house\마녀의 집 아이템 및 메뉴 구조 변경\status.cpp(110): warning C4244: '인수': 'double'에서 'const float'(으)로 변환하면서 데이터가 손실될 수 있습니다.
  StorageManager.cpp
c:\users\clxlz\onedrive\바탕 화면\찐포폴\witch-s-house\마녀의 집 아이템 및 메뉴 구조 변경\storagemanager.cpp(154): warning C4244: '인수': 'double'에서 'const float'(으)로 변환하면서 데이터가 손실될 수 있습니다.
  StringHelper.cpp
  textMananger.cpp
  thirdLibrary.cpp
c:\users\clxlz\onedrive\바탕 화면\찐포폴\witch-s-house\마녀의 집 아이템 및 메뉴 구조 변경\thirdlibrary.cpp(75): warning C4305: '인수': 'double'에서 'float'(으)로 잘립니다.
  thirdMain.cpp
c:\users\clxlz\onedrive\바탕 화면\찐포폴\witch-s-house\마녀의 집 아이템 및 메뉴 구조 변경\thirdmain.cpp(71): warning C4305: '인수': 'double'에서 'float'(으)로 잘립니다.
  thirdOnewayLoad.cpp
c:\users\clxlz\onedrive\바탕 화면\찐포폴\witch-s-house\마녀의 집 아이템 및 메뉴 구조 변경\thirdonewayload.cpp(75): warning C4305: '인수': 'double'에서 'float'(으)로 잘립니다.
  thirdFrogOutRoom.cpp
c:\users\clxlz\onedrive\바탕 화면\찐포폴\witch-s-house\마녀의 집 아이템 및 메뉴 구조 변경\thirdfrogoutroom.cpp(298): warning C4305: '인수': 'double'에서 'float'(으)로 잘립니다.
c:\users\clxlz\onedrive\바탕 화면\찐포폴\witch-s-house\마녀의 집 아이템 및 메뉴 구조 변경\thirdfrogoutroom.cpp(335): warning C4305: '인수': 'double'에서 'float'(으)로 잘립니다.
c:\users\clxlz\onedrive\바탕 화면\찐포폴\witch-s-house\마녀의 집 아이템 및 메뉴 구조 변경\thirdfrogoutroom.cpp(371): warning C4244: '인수': 'double'에서 'const float'(으)로 변환하면서 데이터가 손실될 수 있습니다.
c:\users\clxlz\onedrive\바탕 화면\찐포폴\witch-s-house\마녀의 집 아이템 및 메뉴 구조 변경\thirdfrogoutroom.cpp(405): warning C4244: '인수': 'double'에서 'const float'(으)로 변환하면서 데이터가 손실될 수 있습니다.
c:\users\clxlz\onedrive\바탕 화면\찐포폴\witch-s-house\마녀의 집 아이템 및 메뉴 구조 변경\thirdfrogoutroom.cpp(422): warning C4244: '인수': 'double'에서 'const float'(으)로 변환하면서 데이터가 손실될 수 있습니다.
  thirdSnakeDead.cpp
c:\users\clxlz\onedrive\바탕 화면\찐포폴\witch-s-house\마녀의 집 아이템 및 메뉴 구조 변경\thirdsnakedead.cpp(71): warning C4305: '인수': 'double'에서 'float'(으)로 잘립니다.
  thirdSnakeRoom.cpp
c:\users\clxlz\onedrive\바탕 화면\찐포폴\witch-s-house\마녀의 집 아이템 및 메뉴 구조 변경\thirdsnakeroom.cpp(55): warning C4305: '인수': 'double'에서 'float'(으)로 잘립니다.
  thirdOnewayDead.cpp
c:\users\clxlz\onedrive\바탕 화면\찐포폴\witch-s-house\마녀의 집 아이템 및 메뉴 구조 변경\thirdonewaydead.cpp(75): warning C4305: '인수': 'double'에서 'float'(으)로 잘립니다.
  thirdFrogRoom.cpp
c:\users\clxlz\onedrive\바탕 화면\찐포폴\witch-s-house\마녀의 집 아이템 및 메뉴 구조 변경\thirdfrogroom.cpp(97): warning C4305: '인수': 'double'에서 'float'(으)로 잘립니다.
c:\users\clxlz\onedrive\바탕 화면\찐포폴\witch-s-house\마녀의 집 아이템 및 메뉴 구조 변경\thirdfrogroom.cpp(129): warning C4305: '인수': 'double'에서 'float'(으)로 잘립니다.
c:\users\clxlz\onedrive\바탕 화면\찐포폴\witch-s-house\마녀의 집 아이템 및 메뉴 구조 변경\thirdfrogroom.cpp(152): warning C4244: '인수': 'double'에서 'const float'(으)로 변환하면서 데이터가 손실될 수 있습니다.
c:\users\clxlz\onedrive\바탕 화면\찐포폴\witch-s-house\마녀의 집 아이템 및 메뉴 구조 변경\thirdfrogroom.cpp(232): warning C4552: '-': 식의 결과가 사용되지 않습니다.
c:\users\clxlz\onedrive\바탕 화면\찐포폴\witch-s-house\마녀의 집 아이템 및 메뉴 구조 변경\thirdfrogroom.cpp(235): warning C4244: '인수': 'int'에서 'const float'(으)로 변환하면서 데이터가 손실될 수 있습니다.
c:\users\clxlz\onedrive\바탕 화면\찐포폴\witch-s-house\마녀의 집 아이템 및 메뉴 구조 변경\thirdfrogroom.cpp(251): warning C4244: '인수': 'int'에서 'const float'(으)로 변환하면서 데이터가 손실될 수 있습니다.
  코드를 생성하고 있습니다...
  컴파일하고 있습니다...
  timeManager.cpp
c:\users\clxlz\onedrive\바탕 화면\찐포폴\witch-s-house\마녀의 집 아이템 및 메뉴 구조 변경\timemanager.cpp(49): warning C4267: '인수': 'size_t'에서 'int'(으)로 변환하면서 데이터가 손실될 수 있습니다.
c:\users\clxlz\onedrive\바탕 화면\찐포폴\witch-s-house\마녀의 집 아이템 및 메뉴 구조 변경\timemanager.cpp(52): warning C4267: '인수': 'size_t'에서 'int'(으)로 변환하면서 데이터가 손실될 수 있습니다.
c:\users\clxlz\onedrive\바탕 화면\찐포폴\witch-s-house\마녀의 집 아이템 및 메뉴 구조 변경\timemanager.cpp(55): warning C4267: '인수': 'size_t'에서 'int'(으)로 변환하면서 데이터가 손실될 수 있습니다.
  timer.cpp
c:\users\clxlz\onedrive\바탕 화면\찐포폴\witch-s-house\마녀의 집 아이템 및 메뉴 구조 변경\timer.cpp(61): warning C4244: '=': 'float'에서 'unsigned long'(으)로 변환하면서 데이터가 손실될 수 있습니다.
  Triangle.cpp
  txtData.cpp
  Vector2.cpp
  WALK.cpp
  windowsAPI.cpp
c:\users\clxlz\onedrive\바탕 화면\찐포폴\witch-s-house\마녀의 집 아이템 및 메뉴 구조 변경\windowsapi.cpp(96): warning C4244: 'return': 'WPARAM'에서 'int'(으)로 변환하면서 데이터가 손실될 수 있습니다.
  zOrder.cpp
c:\users\clxlz\onedrive\바탕 화면\찐포폴\witch-s-house\마녀의 집 아이템 및 메뉴 구조 변경\zorder.cpp(19): warning C4244: '초기화 중': 'float'에서 'int'(으)로 변환하면서 데이터가 손실될 수 있습니다.
  코드를 생성하고 있습니다...
c:\users\clxlz\onedrive\바탕 화면\찐포폴\witch-s-house\마녀의 집 아이템 및 메뉴 구조 변경\txtdata.cpp(47): warning C4172: 지역 변수 또는 임시: str의 주소를 반환하고 있습니다.
  windowsAPI.vcxproj -> C:\Users\clxlz\OneDrive\바탕 화면\찐포폴\witch-s-house\마녀의 집 아이템 및 메뉴 구조 변경\x64\Debug\windowsAPI.exe
